# JRE version: Java(TM) SE Runtime Environment (8.0_151-b12) (build 1.8.0_151-b12)
# Java VM: Java HotSpot(TM) 64-Bit Server VM (25.151-b12 mixed mode linux-amd64 compressed oops)
Heap:
 def new generation   total 14400K, used 1509K [0x00000000c0000000, 0x00000000c0f90000, 0x00000000d5550000)
  eden space 12864K,  11% used [0x00000000c0000000, 0x00000000c0179798, 0x00000000c0c90000)
  from space 1536K,   0% used [0x00000000c0c90000, 0x00000000c0c90000, 0x00000000c0e10000)
  to   space 1536K,   0% used [0x00000000c0e10000, 0x00000000c0e10000, 0x00000000c0f90000)
 tenured generation   total 32268K, used 32267K [0x00000000d5550000, 0x00000000d74d3000, 0x0000000100000000)
   the space 32268K,  99% used [0x00000000d5550000, 0x00000000d74d2ff8, 0x00000000d74d3000, 0x00000000d74d3000)
 Metaspace       used 47674K, capacity 48666K, committed 48896K, reserved 1091584K
  class space    used 6578K, capacity 6889K, committed 6912K, reserved 1048576K
GC Heap History (10 events):
Event: 156.265 GC heap after
Heap after GC invocations=98 (full 4):
 def new generation   total 14400K, used 988K [0x00000000c0000000, 0x00000000c0f90000, 0x00000000d5550000)
  eden space 12864K,   0% used [0x00000000c0000000, 0x00000000c0000000, 0x00000000c0c90000)
  from space 1536K,  64% used [0x00000000c0e10000, 0x00000000c0f07288, 0x00000000c0f90000)
  to   space 1536K,   0% used [0x00000000c0c90000, 0x00000000c0c90000, 0x00000000c0e10000)
 tenured generation   total 31692K, used 25027K [0x00000000d5550000, 0x00000000d7443000, 0x0000000100000000)
   the space 31692K,  78% used [0x00000000d5550000, 0x00000000d6dc0e88, 0x00000000d6dc1000, 0x00000000d7443000)
 Metaspace       used 46252K, capacity 47102K, committed 47360K, reserved 1089536K
  class space    used 6353K, capacity 6623K, committed 6656K, reserved 1048576K
}
Event: 165.607 GC heap before
{Heap before GC invocations=98 (full 4):
 def new generation   total 14400K, used 13852K [0x00000000c0000000, 0x00000000c0f90000, 0x00000000d5550000)
  eden space 12864K, 100% used [0x00000000c0000000, 0x00000000c0c90000, 0x00000000c0c90000)
  from space 1536K,  64% used [0x00000000c0e10000, 0x00000000c0f07288, 0x00000000c0f90000)
  to   space 1536K,   0% used [0x00000000c0c90000, 0x00000000c0c90000, 0x00000000c0e10000)
 tenured generation   total 31692K, used 25027K [0x00000000d5550000, 0x00000000d7443000, 0x0000000100000000)
   the space 31692K,  78% used [0x00000000d5550000, 0x00000000d6dc0e88, 0x00000000d6dc1000, 0x00000000d7443000)
 Metaspace       used 46799K, capacity 47670K, committed 48000K, reserved 1091584K
  class space    used 6420K, capacity 6724K, committed 6784K, reserved 1048576K
Event: 165.784 GC heap after
Heap after GC invocations=99 (full 4):
 def new generation   total 14400K, used 1031K [0x00000000c0000000, 0x00000000c0f90000, 0x00000000d5550000)
  eden space 12864K,   0% used [0x00000000c0000000, 0x00000000c0000000, 0x00000000c0c90000)
  from space 1536K,  67% used [0x00000000c0c90000, 0x00000000c0d91d48, 0x00000000c0e10000)
  to   space 1536K,   0% used [0x00000000c0e10000, 0x00000000c0e10000, 0x00000000c0f90000)
 tenured generation   total 31692K, used 25695K [0x00000000d5550000, 0x00000000d7443000, 0x0000000100000000)
   the space 31692K,  81% used [0x00000000d5550000, 0x00000000d6e67c70, 0x00000000d6e67e00, 0x00000000d7443000)
 Metaspace       used 46799K, capacity 47670K, committed 48000K, reserved 1091584K
  class space    used 6420K, capacity 6724K, committed 6784K, reserved 1048576K
}
Event: 170.639 GC heap before
{Heap before GC invocations=99 (full 4):
 def new generation   total 14400K, used 13895K [0x00000000c0000000, 0x00000000c0f90000, 0x00000000d5550000)
  eden space 12864K, 100% used [0x00000000c0000000, 0x00000000c0c90000, 0x00000000c0c90000)
  from space 1536K,  67% used [0x00000000c0c90000, 0x00000000c0d91d48, 0x00000000c0e10000)
  to   space 1536K,   0% used [0x00000000c0e10000, 0x00000000c0e10000, 0x00000000c0f90000)
 tenured generation   total 31692K, used 25695K [0x00000000d5550000, 0x00000000d7443000, 0x0000000100000000)
   the space 31692K,  81% used [0x00000000d5550000, 0x00000000d6e67c70, 0x00000000d6e67e00, 0x00000000d7443000)
 Metaspace       used 47202K, capacity 48072K, committed 48256K, reserved 1091584K
  class space    used 6477K, capacity 6771K, committed 6784K, reserved 1048576K
Event: 171.094 GC heap after
Heap after GC invocations=100 (full 4):
 def new generation   total 14400K, used 1536K [0x00000000c0000000, 0x00000000c0f90000, 0x00000000d5550000)
  eden space 12864K,   0% used [0x00000000c0000000, 0x00000000c0000000, 0x00000000c0c90000)
  from space 1536K, 100% used [0x00000000c0e10000, 0x00000000c0f90000, 0x00000000c0f90000)
  to   space 1536K,   0% used [0x00000000c0c90000, 0x00000000c0c90000, 0x00000000c0e10000)
 tenured generation   total 31692K, used 26305K [0x00000000d5550000, 0x00000000d7443000, 0x0000000100000000)
   the space 31692K,  83% used [0x00000000d5550000, 0x00000000d6f00578, 0x00000000d6f00600, 0x00000000d7443000)
 Metaspace       used 47202K, capacity 48072K, committed 48256K, reserved 1091584K
  class space    used 6477K, capacity 6771K, committed 6784K, reserved 1048576K
}
Event: 174.655 GC heap before
{Heap before GC invocations=100 (full 4):
 def new generation   total 14400K, used 14400K [0x00000000c0000000, 0x00000000c0f90000, 0x00000000d5550000)
  eden space 12864K, 100% used [0x00000000c0000000, 0x00000000c0c90000, 0x00000000c0c90000)
  from space 1536K, 100% used [0x00000000c0e10000, 0x00000000c0f90000, 0x00000000c0f90000)
  to   space 1536K,   0% used [0x00000000c0c90000, 0x00000000c0c90000, 0x00000000c0e10000)
 tenured generation   total 31692K, used 26305K [0x00000000d5550000, 0x00000000d7443000, 0x0000000100000000)
   the space 31692K,  83% used [0x00000000d5550000, 0x00000000d6f00578, 0x00000000d6f00600, 0x00000000d7443000)
 Metaspace       used 47361K, capacity 48314K, committed 48640K, reserved 1091584K
  class space    used 6509K, capacity 6789K, committed 6912K, reserved 1048576K
Event: 174.972 GC heap after
Heap after GC invocations=101 (full 4):
 def new generation   total 14400K, used 1536K [0x00000000c0000000, 0x00000000c0f90000, 0x00000000d5550000)
  eden space 12864K,   0% used [0x00000000c0000000, 0x00000000c0000000, 0x00000000c0c90000)
  from space 1536K, 100% used [0x00000000c0c90000, 0x00000000c0e10000, 0x00000000c0e10000)
  to   space 1536K,   0% used [0x00000000c0e10000, 0x00000000c0e10000, 0x00000000c0f90000)
 tenured generation   total 31692K, used 27781K [0x00000000d5550000, 0x00000000d7443000, 0x0000000100000000)
   the space 31692K,  87% used [0x00000000d5550000, 0x00000000d70717b0, 0x00000000d7071800, 0x00000000d7443000)
 Metaspace       used 47361K, capacity 48314K, committed 48640K, reserved 1091584K
  class space    used 6509K, capacity 6789K, committed 6912K, reserved 1048576K
}
Event: 177.331 GC heap before
{Heap before GC invocations=101 (full 4):
 def new generation   total 14400K, used 14400K [0x00000000c0000000, 0x00000000c0f90000, 0x00000000d5550000)
  eden space 12864K, 100% used [0x00000000c0000000, 0x00000000c0c90000, 0x00000000c0c90000)
  from space 1536K, 100% used [0x00000000c0c90000, 0x00000000c0e10000, 0x00000000c0e10000)
  to   space 1536K,   0% used [0x00000000c0e10000, 0x00000000c0e10000, 0x00000000c0f90000)
 tenured generation   total 31692K, used 27781K [0x00000000d5550000, 0x00000000d7443000, 0x0000000100000000)
   the space 31692K,  87% used [0x00000000d5550000, 0x00000000d70717b0, 0x00000000d7071800, 0x00000000d7443000)
 Metaspace       used 47512K, capacity 48544K, committed 48896K, reserved 1091584K
  class space    used 6536K, capacity 6867K, committed 6912K, reserved 1048576K
Event: 177.412 GC heap after
Heap after GC invocations=102 (full 4):
 def new generation   total 14400K, used 1535K [0x00000000c0000000, 0x00000000c0f90000, 0x00000000d5550000)
  eden space 12864K,   0% used [0x00000000c0000000, 0x00000000c0000000, 0x00000000c0c90000)
  from space 1536K,  99% used [0x00000000c0e10000, 0x00000000c0f8fff8, 0x00000000c0f90000)
  to   space 1536K,   0% used [0x00000000c0c90000, 0x00000000c0c90000, 0x00000000c0e10000)
 tenured generation   total 31692K, used 30606K [0x00000000d5550000, 0x00000000d7443000, 0x0000000100000000)
   the space 31692K,  96% used [0x00000000d5550000, 0x00000000d7333a98, 0x00000000d7333c00, 0x00000000d7443000)
 Metaspace       used 47512K, capacity 48544K, committed 48896K, reserved 1091584K
  class space    used 6536K, capacity 6867K, committed 6912K, reserved 1048576K
}
Event: 179.782 GC heap before
{Heap before GC invocations=102 (full 4):
 def new generation   total 14400K, used 14399K [0x00000000c0000000, 0x00000000c0f90000, 0x00000000d5550000)
  eden space 12864K, 100% used [0x00000000c0000000, 0x00000000c0c90000, 0x00000000c0c90000)
  from space 1536K,  99% used [0x00000000c0e10000, 0x00000000c0f8fff8, 0x00000000c0f90000)
  to   space 1536K,   0% used [0x00000000c0c90000, 0x00000000c0c90000, 0x00000000c0e10000)
 tenured generation   total 31692K, used 30606K [0x00000000d5550000, 0x00000000d7443000, 0x0000000100000000)
   the space 31692K,  96% used [0x00000000d5550000, 0x00000000d7333a98, 0x00000000d7333c00, 0x00000000d7443000)
 Metaspace       used 47674K, capacity 48666K, committed 48896K, reserved 1091584K
  class space    used 6578K, capacity 6889K, committed 6912K, reserved 1048576K

